生成启动时间为 2019/9/3 20:18:42。
     1>项目“E:\test\test-9-3\test-9-3\test-9-3.vcxproj”在节点 2 上(Build 个目标)。
     1>ClCompile:
         D:\Config\VC\bin\CL.exe /c /ZI /nologo /W3 /WX- /sdl /Od /Oy- /D _MBCS /Gm /EHsc /RTC1 /MDd /GS /fp:precise /Zc:wchar_t /Zc:forScope /Fo"Debug\\" /Fd"Debug\vc120.pdb" /Gd /TC /analyze- /errorReport:prompt test.c
         test.c
     1>e:\test\test-9-3\test-9-3\test.c(110): error C2143: 语法错误 : 缺少“;”(在“{”的前面)
     1>e:\test\test-9-3\test-9-3\test.c(112): warning C4013: “offsetof”未定义；假设外部返回 int
     1>e:\test\test-9-3\test-9-3\test.c(112): error C2143: 语法错误 : 缺少“)”(在“类型”的前面)
     1>e:\test\test-9-3\test-9-3\test.c(112): error C2059: 语法错误:“)”
     1>e:\test\test-9-3\test-9-3\test.c(115): error C2143: 语法错误 : 缺少“)”(在“类型”的前面)
     1>e:\test\test-9-3\test-9-3\test.c(115): error C2059: 语法错误:“)”
     1>e:\test\test-9-3\test-9-3\test.c(118): error C2143: 语法错误 : 缺少“)”(在“类型”的前面)
     1>e:\test\test-9-3\test-9-3\test.c(118): error C2059: 语法错误:“)”
     1>e:\test\test-9-3\test-9-3\test.c(123): fatal error C1075: 与左侧的 大括号“{”(位于“e:\test\test-9-3\test-9-3\test.c(24)”)匹配之前遇到文件结束
     1>已完成生成项目“E:\test\test-9-3\test-9-3\test-9-3.vcxproj”(Build 个目标)的操作 - 失败。

生成失败。

已用时间 00:00:00.24
